<?xml version="1.0" encoding="UTF-8"?>
<testng-results ignored="0" total="1" passed="1" failed="0" skipped="0">
  <reporter-output>
  </reporter-output>
  <suite started-at="2021-07-05T22:55:38 BDT" name="Default suite" finished-at="2021-07-05T22:55:45 BDT" duration-ms="7266">
    <groups>
    </groups>
    <test started-at="2021-07-05T22:55:38 BDT" name="Default test" finished-at="2021-07-05T22:55:45 BDT" duration-ms="7266">
      <class name="testCases.T01_homepageValidation">
        <test-method is-config="true" signature="openBrowser()[pri:0, instance:testCases.T01_homepageValidation@72cde7cc]" started-at="2021-07-05T22:55:38 BDT" name="openBrowser" finished-at="2021-07-05T22:55:40 BDT" duration-ms="1950" status="PASS">
          <reporter-output>
          </reporter-output>
        </test-method> <!-- openBrowser -->
        <test-method signature="homepageValidation()[pri:0, instance:testCases.T01_homepageValidation@72cde7cc]" started-at="2021-07-05T22:55:40 BDT" name="homepageValidation" finished-at="2021-07-05T22:55:45 BDT" duration-ms="5153" status="PASS">
          <reporter-output>
          </reporter-output>
        </test-method> <!-- homepageValidation -->
        <test-method is-config="true" signature="tearDown()[pri:0, instance:testCases.T01_homepageValidation@72cde7cc]" started-at="2021-07-05T22:55:45 BDT" name="tearDown" finished-at="2021-07-05T22:55:45 BDT" duration-ms="115" status="PASS">
          <reporter-output>
          </reporter-output>
        </test-method> <!-- tearDown -->
      </class> <!-- testCases.T01_homepageValidation -->
    </test> <!-- Default test -->
  </suite> <!-- Default suite -->
</testng-results>
